<?xml version="1.0" encoding="UTF-8" ?>
<testsuites>
  <testsuite errors="0" failures="0" hostname="Wess-Air.lan" id="0" name="TestDefaultController" package="controller" skipped="1" tests="6" time="0.082" timestamp="2017-01-02T20:35:23">
      <properties>
[...]
</properties>

      <testcase classname="controller.TestDefaultController" name="testAddHandler" time="0.004" />

      <testcase classname="controller.TestDefaultController" name="testProcessRequest" time="0.001" />

      <testcase classname="controller.TestDefaultController" name="testProcessRequestAnswersErrorResponse" time="0.001" />

      <testcase classname="controller.TestDefaultController" name="testGetHandlerNotDefined" time="0.0" />

      <testcase classname="controller.TestDefaultController" name="testAddRequestDuplicateName" time="0.0" />

      <testcase classname="controller.TestDefaultController" name="testProcessMultipleRequestsTimeout" time="0.0">
          <skipped message="Ignore until we figure out a decent time-limit" />

      </testcase>

      <system-out><![CDATA[]]></system-out>

      <system-err><![CDATA[]]></system-err>

  </testsuite>
</testsuites>
